Build started 1/10/2015 9:06:49 AM.
     1>Project "D:\Documents\Projects\C++\Games\SillyMeteors\SillyMeteors\SillyMeteors.vcxproj" on node 2 (Build target(s)).
     1>ClCompile:
         D:\Program Files (x86)\Microsoft Visual Studio 12.0\VC\bin\CL.exe /c /Zi /nologo /W3 /WX- /sdl /O2 /Oi /Oy- /GL /D WIN32 /D NDEBUG /D _CONSOLE /D _LIB /D _UNICODE /D UNICODE /Gm- /EHsc /MD /GS /Gy /fp:precise /Zc:wchar_t /Zc:forScope /Fo"Release\\" /Fd"Release\vc120.pdb" /Gd /TP /analyze- /errorReport:prompt scenes\LevelScene.cpp
         LevelScene.cpp
       Link:
         D:\Program Files (x86)\Microsoft Visual Studio 12.0\VC\bin\link.exe /ERRORREPORT:PROMPT /OUT:"D:\Documents\Projects\C++\Games\SillyMeteors\Release\SillyMeteors.exe" /INCREMENTAL:NO /NOLOGO SDL2.lib SDL2_ttf.lib SDL2main.lib SDL2_image.lib kernel32.lib user32.lib gdi32.lib winspool.lib comdlg32.lib advapi32.lib shell32.lib ole32.lib oleaut32.lib uuid.lib odbc32.lib odbccp32.lib /MANIFEST /MANIFESTUAC:"level='asInvoker' uiAccess='false'" /manifest:embed /DEBUG /PDB:"D:\Documents\Projects\C++\Games\SillyMeteors\Release\SillyMeteors.pdb" /SUBSYSTEM:CONSOLE /OPT:REF /OPT:ICF /LTCG /TLBID:1 /DYNAMICBASE /NXCOMPAT /IMPLIB:"D:\Documents\Projects\C++\Games\SillyMeteors\Release\SillyMeteors.lib" /MACHINE:X86 /SAFESEH Release\base.obj
         Release\Font.obj
         Release\game.obj
         Release\main.obj
         Release\Meteor.obj
         Release\scenemanager.obj
         Release\GameoverScene.obj
         Release\GameScene.obj
         Release\LevelScene.obj
         Release\Sprite.obj
         Release\Spritesmap.obj
         Generating code
         Finished generating code
         SillyMeteors.vcxproj -> D:\Documents\Projects\C++\Games\SillyMeteors\Release\SillyMeteors.exe
     1>Done Building Project "D:\Documents\Projects\C++\Games\SillyMeteors\SillyMeteors\SillyMeteors.vcxproj" (Build target(s)).

Build succeeded.

Time Elapsed 00:00:01.19
